<?xml version="1.0" encoding="UTF-8" standalone="no"?>
<testsuite errors="0" failures="1" name="io.cucumber.core.plugin.JUnitFormatter" skipped="0" tests="1" time="42.96">
    <testcase classname="US014 Class Work" name="Kullanici ve Url Testi" time="42.723">
        <failure message="no such element: Unable to locate element: {&quot;method&quot;:&quot;xpath&quot;,&quot;selector&quot;:&quot;//h1[text()='LOGIN PORTAL']&quot;}&#10;  (Session info: chrome=106.0.5249.119)&#10;For documentation on this error, please visit: https://selenium.dev/exceptions/#no_such_element&#10;Build info: version: '4.1.3', revision: '7b1ebf28ef'&#10;System info: host: 'DESKTOP-9LO2II6', ip: '192.168.185.185', os.name: 'Windows 10', os.arch: 'amd64', os.version: '10.0', java.version: '18.0.2.1'&#10;Driver info: org.openqa.selenium.chrome.ChromeDriver&#10;Command: [66cf664b0f323b626c0e2cbd0c43f548, findElement {using=xpath, value=//h1[text()='LOGIN PORTAL']}]&#10;Capabilities {acceptInsecureCerts: false, browserName: chrome, browserVersion: 106.0.5249.119, chrome: {chromedriverVersion: 106.0.5249.61 (511755355844..., userDataDir: C:\Users\Admin\AppData\Loca...}, goog:chromeOptions: {debuggerAddress: localhost:51193}, javascriptEnabled: true, networkConnectionEnabled: false, pageLoadStrategy: normal, platform: WINDOWS, platformName: WINDOWS, proxy: Proxy(), se:cdp: ws://localhost:51193/devtoo..., se:cdpVersion: 106.0.5249.119, setWindowRect: true, strictFileInteractability: false, timeouts: {implicit: 0, pageLoad: 300000, script: 30000}, unhandledPromptBehavior: dismiss and notify, webauthn:extension:credBlob: true, webauthn:extension:largeBlob: true, webauthn:virtualAuthenticators: true}&#10;Session ID: 66cf664b0f323b626c0e2cbd0c43f548" type="org.openqa.selenium.NoSuchElementException"><![CDATA[Given kullanici "webUrl" anasayfasinda......................................passed
When kullanici 3 saniye bekler..............................................passed
Then kullanici Login Portala kadar asagi iner...............................passed
When kullanici 3 saniye bekler..............................................passed
And kullanici Login Portala tiklar..........................................failed
When kullanici 3 saniye bekler..............................................skipped
And kullanici diger windowa gecer...........................................skipped
When kullanici 3 saniye bekler..............................................skipped
And kullanici "username" kutusuna bilgileri girer...........................skipped
When kullanici 3 saniye bekler..............................................skipped
And kullanici "password" bolumune bilgileri girer...........................skipped
When kullanici 3 saniye bekler..............................................skipped
And kullanici login butonuna basar..........................................skipped
When kullanici 3 saniye bekler..............................................skipped
And kullanici Popup'ta cikan yazinin validation failed oldugunu test eder...skipped
When kullanici 3 saniye bekler..............................................skipped
And kullanici Ok diyerek Popup'i kapatir....................................skipped
When kullanici 3 saniye bekler..............................................skipped
And kullanici ilk sayfaya geri doner........................................skipped
When kullanici 3 saniye bekler..............................................skipped
And kullanici ilk sayfaya donuldugunu test eder.............................skipped
When kullanici 3 saniye bekler..............................................skipped
And sayfayi kapatir.........................................................skipped

StackTrace:
org.openqa.selenium.NoSuchElementException: no such element: Unable to locate element: {"method":"xpath","selector":"//h1[text()='LOGIN PORTAL']"}
  (Session info: chrome=106.0.5249.119)
For documentation on this error, please visit: https://selenium.dev/exceptions/#no_such_element
Build info: version: '4.1.3', revision: '7b1ebf28ef'
System info: host: 'DESKTOP-9LO2II6', ip: '192.168.185.185', os.name: 'Windows 10', os.arch: 'amd64', os.version: '10.0', java.version: '18.0.2.1'
Driver info: org.openqa.selenium.chrome.ChromeDriver
Command: [66cf664b0f323b626c0e2cbd0c43f548, findElement {using=xpath, value=//h1[text()='LOGIN PORTAL']}]
Capabilities {acceptInsecureCerts: false, browserName: chrome, browserVersion: 106.0.5249.119, chrome: {chromedriverVersion: 106.0.5249.61 (511755355844..., userDataDir: C:\Users\Admin\AppData\Loca...}, goog:chromeOptions: {debuggerAddress: localhost:51193}, javascriptEnabled: true, networkConnectionEnabled: false, pageLoadStrategy: normal, platform: WINDOWS, platformName: WINDOWS, proxy: Proxy(), se:cdp: ws://localhost:51193/devtoo..., se:cdpVersion: 106.0.5249.119, setWindowRect: true, strictFileInteractability: false, timeouts: {implicit: 0, pageLoad: 300000, script: 30000}, unhandledPromptBehavior: dismiss and notify, webauthn:extension:credBlob: true, webauthn:extension:largeBlob: true, webauthn:virtualAuthenticators: true}
Session ID: 66cf664b0f323b626c0e2cbd0c43f548
	at java.base/jdk.internal.reflect.DirectConstructorHandleAccessor.newInstance(DirectConstructorHandleAccessor.java:67)
	at java.base/java.lang.reflect.Constructor.newInstanceWithCaller(Constructor.java:499)
	at java.base/java.lang.reflect.Constructor.newInstance(Constructor.java:483)
	at org.openqa.selenium.remote.codec.w3c.W3CHttpResponseCodec.createException(W3CHttpResponseCodec.java:200)
	at org.openqa.selenium.remote.codec.w3c.W3CHttpResponseCodec.decode(W3CHttpResponseCodec.java:133)
	at org.openqa.selenium.remote.codec.w3c.W3CHttpResponseCodec.decode(W3CHttpResponseCodec.java:53)
	at org.openqa.selenium.remote.HttpCommandExecutor.execute(HttpCommandExecutor.java:184)
	at org.openqa.selenium.remote.service.DriverCommandExecutor.invokeExecute(DriverCommandExecutor.java:167)
	at org.openqa.selenium.remote.service.DriverCommandExecutor.execute(DriverCommandExecutor.java:142)
	at org.openqa.selenium.remote.RemoteWebDriver.execute(RemoteWebDriver.java:567)
	at org.openqa.selenium.remote.ElementLocation$ElementFinder$2.findElement(ElementLocation.java:162)
	at org.openqa.selenium.remote.ElementLocation.findElement(ElementLocation.java:60)
	at org.openqa.selenium.remote.RemoteWebDriver.findElement(RemoteWebDriver.java:385)
	at org.openqa.selenium.remote.RemoteWebDriver.findElement(RemoteWebDriver.java:377)
	at org.openqa.selenium.support.pagefactory.DefaultElementLocator.findElement(DefaultElementLocator.java:70)
	at org.openqa.selenium.support.pagefactory.internal.LocatingElementHandler.invoke(LocatingElementHandler.java:39)
	at jdk.proxy2/jdk.proxy2.$Proxy25.click(Unknown Source)
	at stepDefinitions.WebDriverStepDefinition.kullaniciLoginPortalaTiklar(WebDriverStepDefinition.java:28)
	at âœ½.kullanici Login Portala tiklar(file:///C:/com.Batch81Cucumber/src/test/resources/features/US014_ClassWork2.feature:9)
]]></failure>
    </testcase>
</testsuite>
